已經開始建置於 2016/4/25 下午 06:27:33。
     1>節點 2 (build 目標) 上的專案 "C:\Users\user\Desktop\Quiz-7\Quiz Framework - Shader\VC10\Quiz_Framework\Quiz_Framework.vcxproj"。
     1>InitializeBuildStatus:
         由於指定了 "AlwaysCreate"，因此正在建立 "Debug\Quiz_Framework.unsuccessfulbuild"。
       ClCompile:
         C:\Program Files (x86)\Microsoft Visual Studio 10.0\VC\bin\CL.exe /c /ZI /nologo /W3 /WX- /Od /Oy- /D WIN32 /D _DEBUG /D _CONSOLE /D _UNICODE /D UNICODE /Gm /EHsc /RTC1 /MDd /GS /fp:precise /Zc:wchar_t /Zc:forScope /Fo"Debug\\" /Fd"Debug\vc100.pdb" /Gd /TP /analyze- /errorReport:prompt main.cpp
         main.cpp
     1>c:\users\user\desktop\quiz-7\quiz framework - shader\vc10\quiz_framework\main.cpp(44): warning C4996: 'fopen': This function or variable may be unsafe. Consider using fopen_s instead. To disable deprecation, use _CRT_SECURE_NO_WARNINGS. See online help for details.
                 c:\program files (x86)\microsoft visual studio 10.0\vc\include\stdio.h(234) : 請參閱 'fopen' 的宣告
       ManifestResourceCompile:
         所有輸出都是最新的。
       Link:
         C:\Program Files (x86)\Microsoft Visual Studio 10.0\VC\bin\link.exe /ERRORREPORT:PROMPT /OUT:"C:\Users\user\Desktop\Quiz-7\Quiz Framework - Shader\VC10\Debug\Quiz_Framework.exe" /INCREMENTAL /NOLOGO opengl32.lib freeglut.lib glew32.lib texture_loader.lib jpeg.lib libpng16.lib kernel32.lib user32.lib gdi32.lib winspool.lib comdlg32.lib advapi32.lib shell32.lib ole32.lib oleaut32.lib uuid.lib odbc32.lib odbccp32.lib /MANIFEST /ManifestFile:"Debug\Quiz_Framework.exe.intermediate.manifest" /MANIFESTUAC:"level='asInvoker' uiAccess='false'" /DEBUG /PDB:"C:\Users\user\Desktop\Quiz-7\Quiz Framework - Shader\VC10\Debug\Quiz_Framework.pdb" /SUBSYSTEM:CONSOLE /TLBID:1 /DYNAMICBASE /NXCOMPAT /IMPLIB:"C:\Users\user\Desktop\Quiz-7\Quiz Framework - Shader\VC10\Debug\Quiz_Framework.lib" /MACHINE:X86 Debug\Quiz_Framework.exe.embed.manifest.res
         Debug\main.obj
       Manifest:
         C:\Program Files (x86)\Microsoft SDKs\Windows\v7.0A\bin\mt.exe /nologo /verbose /out:"Debug\Quiz_Framework.exe.embed.manifest" /manifest Debug\Quiz_Framework.exe.intermediate.manifest
         所有輸出都是最新的。
       LinkEmbedManifest:
         所有輸出都是最新的。
         Quiz_Framework.vcxproj -> C:\Users\user\Desktop\Quiz-7\Quiz Framework - Shader\VC10\Debug\Quiz_Framework.exe
       FinalizeBuildStatus:
         正在刪除檔案 "Debug\Quiz_Framework.unsuccessfulbuild"。
         正在變更時間戳記 "Debug\Quiz_Framework.lastbuildstate"。
     1>專案 "C:\Users\user\Desktop\Quiz-7\Quiz Framework - Shader\VC10\Quiz_Framework\Quiz_Framework.vcxproj" (build 目標) 建置完成。

建置成功。

經過時間 00:00:02.76
