Build started 2016/4/18 下午 06:25:29.
     1>Project "C:\Users\tnteacher\Desktop\Quiz 06 Framework\Quiz 06 Framework\VC10\Quiz_Framework\Quiz_Framework.vcxproj" on node 2 (build target(s)).
     1>InitializeBuildStatus:
         Creating "Release\Quiz_Framework.unsuccessfulbuild" because "AlwaysCreate" was specified.
       ClCompile:
         c:\Program Files\Microsoft Visual Studio 10.0\VC\bin\CL.exe /c /Zi /nologo /W3 /WX- /O2 /Oi /Oy- /GL /D WIN32 /D NDEBUG /D _CONSOLE /D _UNICODE /D UNICODE /Gm- /EHsc /MD /GS /Gy /fp:precise /Zc:wchar_t /Zc:forScope /Fo"Release\\" /Fd"Release\vc100.pdb" /Gd /TP /analyze- /errorReport:prompt main.cpp
         main.cpp
     1>main.cpp(48): warning C4244: 'initializing' : conversion from 'double' to 'float', possible loss of data
     1>main.cpp(51): warning C4244: '=' : conversion from 'double' to 'float', possible loss of data
     1>main.cpp(52): warning C4244: '=' : conversion from 'double' to 'float', possible loss of data
     1>main.cpp(53): warning C4244: '=' : conversion from 'double' to 'float', possible loss of data
     1>main.cpp(54): warning C4244: '=' : conversion from 'double' to 'float', possible loss of data
     1>main.cpp(134): warning C4996: 'fopen': This function or variable may be unsafe. Consider using fopen_s instead. To disable deprecation, use _CRT_SECURE_NO_WARNINGS. See online help for details.
                 c:\Program Files\Microsoft Visual Studio 10.0\VC\include\stdio.h(234) : see declaration of 'fopen'
     1>main.cpp(214): warning C4305: 'argument' : truncation from 'double' to 'float'
     1>main.cpp(214): warning C4305: 'argument' : truncation from 'double' to 'float'
     1>main.cpp(214): warning C4305: 'argument' : truncation from 'double' to 'float'
     1>main.cpp(214): warning C4305: 'argument' : truncation from 'double' to 'float'
       Link:
         c:\Program Files\Microsoft Visual Studio 10.0\VC\bin\link.exe /ERRORREPORT:PROMPT /OUT:"C:\Users\tnteacher\Desktop\Quiz 06 Framework\Quiz 06 Framework\VC10\Release\Quiz_Framework.exe" /INCREMENTAL:NO /NOLOGO opengl32.lib freeglut.lib glew32.lib texture_loader.lib jpeg.lib libpng16.lib kernel32.lib user32.lib gdi32.lib winspool.lib comdlg32.lib advapi32.lib shell32.lib ole32.lib oleaut32.lib uuid.lib odbc32.lib odbccp32.lib /MANIFEST /ManifestFile:"Release\Quiz_Framework.exe.intermediate.manifest" /MANIFESTUAC:"level='asInvoker' uiAccess='false'" /DEBUG /PDB:"C:\Users\tnteacher\Desktop\Quiz 06 Framework\Quiz 06 Framework\VC10\Release\Quiz_Framework.pdb" /SUBSYSTEM:CONSOLE /OPT:REF /OPT:ICF /LTCG /TLBID:1 /DYNAMICBASE /NXCOMPAT /IMPLIB:"C:\Users\tnteacher\Desktop\Quiz 06 Framework\Quiz 06 Framework\VC10\Release\Quiz_Framework.lib" /MACHINE:X86 Release\main.obj
         Generating code
         Finished generating code
         Quiz_Framework.vcxproj -> C:\Users\tnteacher\Desktop\Quiz 06 Framework\Quiz 06 Framework\VC10\Release\Quiz_Framework.exe
       Manifest:
         c:\Program Files\Microsoft SDKs\Windows\v7.0A\bin\mt.exe /nologo /verbose /outputresource:"C:\Users\tnteacher\Desktop\Quiz 06 Framework\Quiz 06 Framework\VC10\Release\Quiz_Framework.exe;#1" /manifest Release\Quiz_Framework.exe.intermediate.manifest
       FinalizeBuildStatus:
         Deleting file "Release\Quiz_Framework.unsuccessfulbuild".
         Touching "Release\Quiz_Framework.lastbuildstate".
     1>Done Building Project "C:\Users\tnteacher\Desktop\Quiz 06 Framework\Quiz 06 Framework\VC10\Quiz_Framework\Quiz_Framework.vcxproj" (build target(s)).

Build succeeded.

Time Elapsed 00:00:05.67
